<?xml version="1.0" encoding="UTF-8"?>
<testsuite name="com.examples.challenges.webscraper.WebScraperTest" tests="1" skipped="0" failures="0" errors="0" timestamp="2019-11-16T16:13:49" hostname="ldntrnml010087.local" time="1.709">
  <properties/>
  <testcase name="should_return_animal_for_profession" classname="com.examples.challenges.webscraper.WebScraperTest" time="1.709"/>
  <system-out><![CDATA[]]></system-out>
  <system-err><![CDATA[]]></system-err>
</testsuite>
